This is pdfTeX, Version 3.14159265-2.6-1.40.15 (TeX Live 2014) (preloaded format=pdflatex 2014.5.25)  29 APR 2015 16:31
entering extended mode
 restricted \write18 enabled.
 file:line:error style messages enabled.
 %&-line parsing enabled.
**final_report.tex
(./final_report.tex
LaTeX2e <2014/05/01>
Babel <3.9k> and hyphenation patterns for 78 languages loaded.
(/usr/local/texlive/2014/texmf-dist/tex/latex/base/article.cls
Document Class: article 2007/10/19 v1.4h Standard LaTeX document class
(/usr/local/texlive/2014/texmf-dist/tex/latex/base/size12.clo
File: size12.clo 2007/10/19 v1.4h Standard LaTeX file (size option)
)
\c@part=\count79
\c@section=\count80
\c@subsection=\count81
\c@subsubsection=\count82
\c@paragraph=\count83
\c@subparagraph=\count84
\c@figure=\count85
\c@table=\count86
\abovecaptionskip=\skip41
\belowcaptionskip=\skip42
\bibindent=\dimen102
)
(./final_report.aux)
\openout1 = `final_report.aux'.

LaTeX Font Info:    Checking defaults for OML/cmm/m/it on input line 9.
LaTeX Font Info:    ... okay on input line 9.
LaTeX Font Info:    Checking defaults for T1/cmr/m/n on input line 9.
LaTeX Font Info:    ... okay on input line 9.
LaTeX Font Info:    Checking defaults for OT1/cmr/m/n on input line 9.
LaTeX Font Info:    ... okay on input line 9.
LaTeX Font Info:    Checking defaults for OMS/cmsy/m/n on input line 9.
LaTeX Font Info:    ... okay on input line 9.
LaTeX Font Info:    Checking defaults for OMX/cmex/m/n on input line 9.
LaTeX Font Info:    ... okay on input line 9.
LaTeX Font Info:    Checking defaults for U/cmr/m/n on input line 9.
LaTeX Font Info:    ... okay on input line 9.
LaTeX Font Info:    External font `cmex10' loaded for size
(Font)              <14.4> on input line 10.
LaTeX Font Info:    External font `cmex10' loaded for size
(Font)              <7> on input line 10.

Overfull \hbox (26.2506pt too wide) in paragraph at lines 22--23
\OT1/cmr/m/n/12 A ses-sion cookie called \OT1/cmtt/m/n/12 user[]session is stor
ed which contains a seemingly
 []


Overfull \hbox (5.2002pt too wide) in paragraph at lines 22--23
\OT1/cmtt/m/n/12 random nonce. When a get request is made to https://github.com
,
 []


Overfull \hbox (23.7252pt too wide) in paragraph at lines 22--23
\OT1/cmtt/m/n/12 the cookie is sent and the database is queried to see if the c
ookie
 []


Overfull \hbox (5.2002pt too wide) in paragraph at lines 22--23
\OT1/cmtt/m/n/12 is valid. If the cookie is valid it will return user data as i
f
 []


Overfull \hbox (5.2002pt too wide) in paragraph at lines 22--23
\OT1/cmtt/m/n/12 the user is logged in. There are two more cookies of importanc
e
 []


Overfull \hbox (32.6172pt too wide) in paragraph at lines 22--23
\OT1/cmtt/m/n/12 logged[]in which is a yes/no value and dotcom[]user which is t
he user's
 []


Overfull \hbox (15.8212pt too wide) in paragraph at lines 22--23
\OT1/cmtt/m/n/12 username. To impersonate a user, only the user[]session is nee
ded,
 []


Overfull \hbox (1.74219pt too wide) in paragraph at lines 22--23
\OT1/cmtt/m/n/12 the logged[]in cookie will always be yes and the dotcom[]user 
will
 []


Overfull \hbox (15.8212pt too wide) in paragraph at lines 22--23
\OT1/cmtt/m/n/12 be filled by the server if the user[]session cookie is valid. 
When
 []


Overfull \hbox (17.5502pt too wide) in paragraph at lines 22--23
\OT1/cmtt/m/n/12 the user logs out, the cookie is invalided by the server in a 
post
 []


Overfull \hbox (23.7252pt too wide) in paragraph at lines 22--23
\OT1/cmtt/m/n/12 request to https://github.com/logout that contains the content
 type
 []


Overfull \hbox (29.9002pt too wide) in paragraph at lines 22--23
\OT1/cmtt/m/n/12 and an authenticity token. The authenticity token is a random 
nonce
 []


Overfull \hbox (11.3752pt too wide) in paragraph at lines 22--23
\OT1/cmtt/m/n/12 that github uses to prevent against CSRF. If an attacker is us
ing
 []


Overfull \hbox (23.7252pt too wide) in paragraph at lines 22--23
\OT1/cmtt/m/n/12 the user's cookie and the user logs out, the attacker's cookie
 will
 []


Overfull \hbox (90.75005pt too wide) in paragraph at lines 27--28
[]\OT1/cmtt/m/n/12 When the user logs in, a post request is sent to https://git
hub.com/session
 []

[1

{/usr/local/texlive/2014/texmf-var/fonts/map/pdftex/updmap/pdftex.map}]
LaTeX Font Info:    External font `cmex10' loaded for size
(Font)              <12> on input line 29.
LaTeX Font Info:    External font `cmex10' loaded for size
(Font)              <8> on input line 29.
LaTeX Font Info:    External font `cmex10' loaded for size
(Font)              <6> on input line 29.

Overfull \hbox (16.65001pt too wide) in paragraph at lines 29--30
[]\OT1/cmtt/m/n/12 One attack is to guess a random cookie and query to see if i
t's
 []


Overfull \hbox (5.2002pt too wide) in paragraph at lines 29--30
\OT1/cmtt/m/n/12 valid. There are approximately 8 million active github users a
t
 []


Overfull \hbox (5.2002pt too wide) in paragraph at lines 29--30
\OT1/cmtt/m/n/12 a time so roughly 8 million valid cookies. Since you don't nee
d
 []


Overfull \hbox (28.1712pt too wide) in paragraph at lines 29--30
\OT1/cmtt/m/n/12 the logged[]in cookie to be set correctly, you can construct a
 random
 []


Overfull \hbox (66.95023pt too wide) in paragraph at lines 29--30
\OT1/cmtt/m/n/12 cookie and check if it's valid. The length of the cookie is 80
 characters
 []


Overfull \hbox (21.9962pt too wide) in paragraph at lines 29--30
\OT1/cmtt/m/n/12 and each character is from the universe (a-z, A-Z, 0-9, -, [])
 which
 []


Overfull \hbox (15.4888pt too wide) in paragraph at lines 29--30
\OT1/cmtt/m/n/12 has a size of 64. Say the set of correct cookies $\OML/cmm/m/i
t/12 S$ \OT1/cmtt/m/n/12 has size $\OMS/cmsy/m/n/12 j\OML/cmm/m/it/12 S\OMS/cms
y/m/n/12 j \OT1/cmr/m/n/12 =
 []


Overfull \hbox (19.74149pt too wide) in paragraph at lines 29--30
\OT1/cmr/m/n/12 8\OML/cmm/m/it/12 ; \OT1/cmr/m/n/12 000\OML/cmm/m/it/12 ; \OT1/
cmr/m/n/12 000$\OT1/cmtt/m/n/12 , the universe $\OML/cmm/m/it/12 U$ \OT1/cmtt/m
/n/12 has a size of $\OMS/cmsy/m/n/12 j\OML/cmm/m/it/12 U\OMS/cmsy/m/n/12 j \OT
1/cmr/m/n/12 = 64[]$\OT1/cmtt/m/n/12 . The probability
 []


Overfull \hbox (5.2002pt too wide) in paragraph at lines 29--30
\OT1/cmtt/m/n/12 of getting a correct cookie is so low that it's not a reasonab
le
 []

No file final_report.bbl.
[2] (./final_report.aux)

LaTeX Warning: Label(s) may have changed. Rerun to get cross-references right.

 ) 
Here is how much of TeX's memory you used:
 241 strings out of 493117
 2675 string characters out of 6135433
 54909 words of memory out of 5000000
 3778 multiletter control sequences out of 15000+600000
 8670 words of font info for 31 fonts, out of 8000000 for 9000
 1141 hyphenation exceptions out of 8191
 22i,6n,19p,1043b,199s stack positions out of 5000i,500n,10000p,200000b,80000s
</usr/local/texlive/2014/texmf-dist/fonts/type1/public/amsfonts/cm/cmbx12.pfb
></usr/local/texlive/2014/texmf-dist/fonts/type1/public/amsfonts/cm/cmmi12.pfb>
</usr/local/texlive/2014/texmf-dist/fonts/type1/public/amsfonts/cm/cmr12.pfb></
usr/local/texlive/2014/texmf-dist/fonts/type1/public/amsfonts/cm/cmr17.pfb></us
r/local/texlive/2014/texmf-dist/fonts/type1/public/amsfonts/cm/cmr8.pfb></usr/l
ocal/texlive/2014/texmf-dist/fonts/type1/public/amsfonts/cm/cmsy10.pfb></usr/lo
cal/texlive/2014/texmf-dist/fonts/type1/public/amsfonts/cm/cmtt12.pfb>
Output written on final_report.pdf (2 pages, 72670 bytes).
PDF statistics:
 39 PDF objects out of 1000 (max. 8388607)
 27 compressed objects within 1 object stream
 0 named destinations out of 1000 (max. 500000)
 1 words of extra memory for PDF output out of 10000 (max. 10000000)

